Info) VMD for LINUXAMD64, version 1.9.4a57 (April 27, 2022)
Info) http://www.ks.uiuc.edu/Research/vmd/                         
Info) Email questions and bug reports to vmd@ks.uiuc.edu           
Info) Please include this reference in published work using VMD:   
Info)    Humphrey, W., Dalke, A. and Schulten, K., `VMD - Visual   
Info)    Molecular Dynamics', J. Molec. Graphics 1996, 14.1, 33-38.
Info) -------------------------------------------------------------
Info) Multithreading available, 12 CPUs.
Info)   CPU features: SSE2 SSE4.1 AVX AVX2 FMA F16 HT 
Info) Free system memory: 18GB (57%)
Info) No CUDA accelerator devices available.
Info) Dynamically loaded 3 plugins in directory:
Info) /usr/local/lib/vmd/plugins/LINUXAMD64/molfile
Invalid axes location: on
FLTK
step1_pdbreader.psf
step1_pdbreader.pdb
solvated
ubq
0.15
psfplugin) Detected a Charmm PSF file
psfplugin) Detected a Charmm PSF EXTEnded file
Info) Using plugin psf for structure file step1_pdbreader.psf
Info) Analyzing structure ...
Info)    Atoms: 1231
Info)    Bonds: 1237
Info)    Angles: 2257  Dihedrals: 3293  Impropers: 212  Cross-terms: 74
Info)    Bondtypes: 0  Angletypes: 0  Dihedraltypes: 0  Impropertypes: 0
Info)    Residues: 76
Info)    Waters: 0
Info)    Segments: 1
Info)    Fragments: 1   Protein: 1   Nucleic: 0
0
Info) Using plugin pdb for coordinates from file step1_pdbreader.pdb
Info) Finished with coordinate file step1_pdbreader.pdb.
0
atomselect0
30.254085540771484 29.0047550201416 15.37999153137207
30.685999870300293 32.37400150299072 36.58000069856644
36.58000069856644
15
68
34
-3.7459144592285156
-4.995244979858398
-18.62000846862793
-3.7459144592285156 -4.995244979858398 -18.62000846862793
64.25408554077148
63.0047550201416
49.37999153137207
64.25408554077148 63.0047550201416 49.37999153137207
file4
1.7
Info) generating solute plus one replica of water...
psfgen) reading structure from psf file step1_pdbreader.psf
psfgen) reading coordinates, insertion codes, and element symbols from pdb file step1_pdbreader.pdb
psfgen) reading structure from psf file /usr/local/lib/vmd/plugins/noarch/tcl/solvate1.7/wat.psf
psfgen) reading coordinates, insertion codes, and element symbols from pdb file /usr/local/lib/vmd/plugins/noarch/tcl/solvate1.7/wat.pdb
psfgen) psf file does not contain cross-terms
psfgen) Info: writing psf file combine.psf
psfgen) total of 29014 atoms
psfgen) total of 19759 bonds
psfgen) total of 20779 angles
psfgen) total of 3293 dihedrals
psfgen) total of 212 impropers
psfgen) total of 0 explicit exclusions
psfgen) total of 74 cross-terms
psfgen) Info: psf file complete.
psfgen) Info: writing pdb file combine.pdb
psfgen) Info: pdb file complete.
psfplugin) Detected a Charmm PSF file
Info) Using plugin psf for structure file combine.psf
Info) Analyzing structure ...
Info)    Atoms: 29014
Info)    Bonds: 19759
Info)    Angles: 20779  Dihedrals: 3293  Impropers: 212  Cross-terms: 74
Info)    Bondtypes: 0  Angletypes: 0  Dihedraltypes: 0  Impropertypes: 0
Info)    Residues: 9337
Info)    Waters: 9261
Info)    Segments: 2
Info)    Fragments: 9262   Protein: 1   Nucleic: 0
Info) Using plugin pdb for coordinates from file combine.pdb
Info) Finished with coordinate file combine.pdb.
Info) generating water residue lists...
Info) single water residue type, creating residue list...
Info) replicating 8 water segments, 2 by 2 by 2
psfgen) reading topology file /usr/local/lib/vmd/plugins/noarch/tcl/solvate1.7/wat.top

psfgen) >>>>>> Combined CHARMM All-Hydrogen Topology File for <<<<<<<<<
psfgen) >>>>>>>>> CHARMM22 Proteins and CHARMM27 Lipids <<<<<<<<<<
psfgen) from
psfgen) >>>>>>>>CHARMM22 All-Hydrogen Topology File for Proteins <<<<<<
psfgen) >>>>>>>>>>>>>>>>>>>>> August 1999 <<<<<<<<<<<<<<<<<<<<<<<<<<<<<
psfgen) >>>>>>> Direct comments to Alexander D. MacKerell Jr. <<<<<<<<<
psfgen) >>>>>> 410-706-7442 or email: alex,mmiris.ab.umd.edu  <<<<<<<<<
psfgen) and
psfgen)   \\\\\\\ CHARMM27 All-Hydrogen Lipid Topology File ///////
psfgen)   \\\\\\\\\\\\\\\\\\ Developmental /////////////////////////
psfgen) 		Alexander D. MacKerell Jr.
psfgen) 			August 1999
psfgen)  All comments to ADM jr.  email: alex,mmiris.ab.umd.edu
psfgen) 		telephone: 410-706-7442
psfgen) 
psfgen) Created by CHARMM version 27 1
psfgen) building segment W1
psfgen) setting patch for first residue to NONE
psfgen) setting patch for last residue to NONE
Info: generating structure...
segment complete.
psfgen) building segment W2
psfgen) setting patch for first residue to NONE
psfgen) setting patch for last residue to NONE
Info: generating structure...
segment complete.
psfgen) building segment W3
psfgen) setting patch for first residue to NONE
psfgen) setting patch for last residue to NONE
Info: generating structure...
segment complete.
psfgen) building segment W4
psfgen) setting patch for first residue to NONE
psfgen) setting patch for last residue to NONE
Info: generating structure...
segment complete.
psfgen) building segment W5
psfgen) setting patch for first residue to NONE
psfgen) setting patch for last residue to NONE
Info: generating structure...
segment complete.
psfgen) building segment W6
psfgen) setting patch for first residue to NONE
psfgen) setting patch for last residue to NONE
Info: generating structure...
segment complete.
psfgen) building segment W7
psfgen) setting patch for first residue to NONE
psfgen) setting patch for last residue to NONE
Info: generating structure...
segment complete.
psfgen) building segment W8
psfgen) setting patch for first residue to NONE
psfgen) setting patch for last residue to NONE
Info: generating structure...
segment complete.
psfgen) Info: writing psf file solvated.psf
psfgen) total of 29458 atoms
psfgen) total of 20055 bonds
psfgen) total of 11666 angles
psfgen) total of 3293 dihedrals
psfgen) total of 212 impropers
psfgen) total of 0 explicit exclusions
psfgen) total of 74 cross-terms
psfgen) Info: psf file complete.
psfgen) Info: writing pdb file solvated.pdb
psfgen) Info: pdb file complete.
psfgen) clearing structure, preserving topology and aliases
psfplugin) Detected a Charmm PSF file
Info) Using plugin psf for structure file solvated.psf
Info) Analyzing structure ...
Info)    Atoms: 29458
Info)    Bonds: 20055
Info)    Angles: 11666  Dihedrals: 3293  Impropers: 212  Cross-terms: 74
Info)    Bondtypes: 0  Angletypes: 0  Dihedraltypes: 0  Impropertypes: 0
Info)    Residues: 9485
Info)    Waters: 9409
Info)    Segments: 9
Info)    Fragments: 9410   Protein: 1   Nucleic: 0
Info) Using plugin pdb for coordinates from file solvated.pdb
Info) Finished with coordinate file solvated.pdb.
Info) Opened coordinate file solvated.pdb for writing.
Info) Finished with coordinate file solvated.pdb.
Info) Extra structure overlap safety check...
Info) Solvate completed successfully.
1.5
Autoionize) Reading solvated.psf/solvated.pdb...
psfgen) clearing structure, preserving topology and aliases
psfgen) reading structure from psf file solvated.psf
psfgen) reading coordinates, insertion codes, and element symbols from pdb file solvated.pdb
psfplugin) Detected a Charmm PSF file
Info) Using plugin psf for structure file solvated.psf
Info) Analyzing structure ...
Info)    Atoms: 29458
Info)    Bonds: 20055
Info)    Angles: 11666  Dihedrals: 3293  Impropers: 212  Cross-terms: 74
Info)    Bondtypes: 0  Angletypes: 0  Dihedraltypes: 0  Impropertypes: 0
Info)    Residues: 9485
Info)    Waters: 9409
Info)    Segments: 9
Info)    Fragments: 9410   Protein: 1   Nucleic: 0
Info) Using plugin pdb for coordinates from file solvated.pdb
Info) Finished with coordinate file solvated.pdb.
Autoionize) System net charge before adding ions: 1.0021030902862549e-6e.
Autoionize) Number of ions required for neutralizing the system: 0 SOD and 0 CLA.
Autoionize) Desired salt concentration: 0.15 mol/L.
Autoionize) Ions to be placed:
Autoionize)   26 SOD
Autoionize)   26 CLA
Autoionize) Required min distance from molecule: 5A.
Autoionize) Required min distance between ions: 5A.
Autoionize) Output file prefix 'ionized'.
Autoionize) Ions will be added to segname ION.
Autoionize) Obtained positions for 52 ions.
Autoionize) Tagged 52 water molecules for deletion.
Autoionize) Deleted 52 water molecules.
Autoionize) Reading CHARMM topology file...
psfgen) reading topology file /usr/local/lib/vmd/plugins/noarch/tcl/readcharmmtop1.2/toppar_water_ions_namd.str

psfgen)  Toplogy and parameter information for water and ions.
psfgen) 
psfgen) reading topology from stream file
psfgen)  Topology for water and ions
psfgen) 
psfgen) Created by CHARMM version 31 1
psfgen) skipping parameters in stream file
psfgen)  Parameters for water and ions
psfgen) 
psfgen) skipping parameters in stream file
psfgen)  NBFix between carboxylate and sodium
psfgen) 
psfgen) building segment ION
psfgen) setting patch for first residue to NONE
psfgen) setting patch for last residue to NONE
Info: generating structure...
segment complete.
Autoionize) Randomizing ion positions...
Autoionize) Assigning ion coordinates...
psfgen) Info: writing psf file ionized.psf
psfgen) total of 29354 atoms
psfgen) total of 19951 bonds
psfgen) total of 11614 angles
psfgen) total of 3293 dihedrals
psfgen) total of 212 impropers
psfgen) total of 0 explicit exclusions
psfgen) total of 74 cross-terms
psfgen) Info: psf file complete.
psfgen) Info: writing pdb file ionized.pdb
psfgen) Info: pdb file complete.
Autoionize) Loading new system with added ions...
psfplugin) Detected a Charmm PSF file
Info) Using plugin psf for structure file ionized.psf
Info) Analyzing structure ...
Info)    Atoms: 29354
Info)    Bonds: 19951
Info)    Angles: 11614  Dihedrals: 3293  Impropers: 212  Cross-terms: 74
Info)    Bondtypes: 0  Angletypes: 0  Dihedraltypes: 0  Impropertypes: 0
Info)    Residues: 9485
Info)    Waters: 9357
Info)    Segments: 10
Info)    Fragments: 9410   Protein: 1   Nucleic: 0
Info) Using plugin pdb for coordinates from file ionized.pdb
Info) Finished with coordinate file ionized.pdb.
Info) Opened coordinate file ionized.pdb for writing.
Info) Finished with coordinate file ionized.pdb.
Autoionize) System net charge after adding ions: 1.0021030902862549e-6e.
Autoionize) All done.
psfplugin) Detected a Charmm PSF file
Info) Using plugin psf for structure file ionized.psf
Info) Analyzing structure ...
Info)    Atoms: 29354
Info)    Bonds: 19951
Info)    Angles: 11614  Dihedrals: 3293  Impropers: 212  Cross-terms: 74
Info)    Bondtypes: 0  Angletypes: 0  Dihedraltypes: 0  Impropertypes: 0
Info)    Residues: 9485
Info)    Waters: 9357
Info)    Segments: 10
Info)    Fragments: 9410   Protein: 1   Nucleic: 0
5
Info) Using plugin pdb for coordinates from file ionized.pdb
Info) Finished with coordinate file ionized.pdb.
5
atomselect74
30.155805587768555 29.018836975097656 15.32885456085205
{1.0 0.0 0.0 -30.155805587768555} {0.0 1.0 0.0 -29.018836975097656} {0.0 0.0 1.0 -15.32885456085205} {0.0 0.0 0.0 1.0}
Info) Opened coordinate file ubq.pdb for writing.
Info) Finished with coordinate file ubq.pdb.
psfplugin) Writing angles/dihedrals/impropers...
Info) Opened coordinate file ubq.psf for writing.
Info) Finished with coordinate file ubq.psf.
Info) Using plugin pdb for structure file ubq.pdb
Info) Using plugin pdb for coordinates from file ubq.pdb
Info) Determining bond structure from distance search ...
Info) Analyzing structure ...
Info)    Atoms: 29354
Info)    Bonds: 19973
Info)    Angles: 0  Dihedrals: 0  Impropers: 0  Cross-terms: 0
Info)    Bondtypes: 0  Angletypes: 0  Dihedraltypes: 0  Impropertypes: 0
Info)    Residues: 9485
Info)    Waters: 9357
Info)    Segments: 10
Info)    Fragments: 9410   Protein: 1   Nucleic: 0
Info) Finished with coordinate file ubq.pdb.
6
psfplugin) Detected a Charmm PSF file
Info) Analyzing structure ...
Info)    Atoms: 29354
Info)    Bonds: 19951
Info)    Angles: 11614  Dihedrals: 3293  Impropers: 212  Cross-terms: 74
Info)    Bondtypes: 0  Angletypes: 0  Dihedraltypes: 0  Impropertypes: 0
Info)    Residues: 9485
Info)    Waters: 9357
Info)    Segments: 10
Info)    Fragments: 9410   Protein: 1   Nucleic: 0
6
atomselect75
-0.00019506488752085716 -0.00016324780881404877 -0.0001451557909604162
-0.00019506488752085716
-0.00016324780881404877
-0.0001451557909604162
Info) VMD for LINUXAMD64, version 1.9.4a57 (April 27, 2022)
Info) Exiting normally.
vmd > 