Info) VMD for LINUXAMD64, version 1.9.4a57 (April 27, 2022)
Info) http://www.ks.uiuc.edu/Research/vmd/                         
Info) Email questions and bug reports to vmd@ks.uiuc.edu           
Info) Please include this reference in published work using VMD:   
Info)    Humphrey, W., Dalke, A. and Schulten, K., `VMD - Visual   
Info)    Molecular Dynamics', J. Molec. Graphics 1996, 14.1, 33-38.
Info) -------------------------------------------------------------
Info) Multithreading available, 12 CPUs.
Info)   CPU features: SSE2 SSE4.1 AVX AVX2 FMA F16 HT 
Info) Free system memory: 23GB (75%)
Info) No CUDA accelerator devices available.
Info) Dynamically loaded 3 plugins in directory:
Info) /usr/local/lib/vmd/plugins/LINUXAMD64/molfile
Invalid axes location: on
FLTK
01build/mol.psf
01build/mol.pdb
Couldn't open psf file 01build/mol.psf
ERROR) Could not read file 01build/mol.psf
Unable to load file '01build/mol.psf' using file type 'psf'.
ERROR) Could not read file 01build/mol.pdb
Unable to load file '01build/mol.pdb' using file type 'pdb'.
There is no 'top' molecule  in atomselect's 'molId'
can't read "all": no such variable
There is no 'top' molecule  in atomselect's 'molId'
can't read "restraints": no such variable
can't read "all": no such variable
Info) VMD for LINUXAMD64, version 1.9.4a57 (April 27, 2022)
Info) Exiting normally.
vmd > 