Info) VMD for LINUXAMD64, version 1.9.4a57 (April 27, 2022)
Info) http://www.ks.uiuc.edu/Research/vmd/                         
Info) Email questions and bug reports to vmd@ks.uiuc.edu           
Info) Please include this reference in published work using VMD:   
Info)    Humphrey, W., Dalke, A. and Schulten, K., `VMD - Visual   
Info)    Molecular Dynamics', J. Molec. Graphics 1996, 14.1, 33-38.
Info) -------------------------------------------------------------
Info) Multithreading available, 12 CPUs.
Info)   CPU features: SSE2 SSE4.1 AVX AVX2 FMA F16 HT 
Info) Free system memory: 17GB (54%)
Info) No CUDA accelerator devices available.
Info) Dynamically loaded 3 plugins in directory:
Info) /usr/local/lib/vmd/plugins/LINUXAMD64/molfile
Invalid axes location: on
FLTK
01build/mol.psf
01build/mol.pdb
segid PROA and name CA
segid PROB and name CA
50.0
psfplugin) Detected a Charmm PSF file
Info) Using plugin psf for structure file 01build/mol.psf
Info) Analyzing structure ...
Info)    Atoms: 583830
Info)    Bonds: 392726
Info)    Angles: 212696  Dihedrals: 32972  Impropers: 2126  Cross-terms: 784
Info)    Bondtypes: 0  Angletypes: 0  Dihedraltypes: 0  Impropertypes: 0
Info)    Residues: 192028
Info)    Waters: 190166
Info)    Segments: 30
Info)    Fragments: 191242   Protein: 2   Nucleic: 0
0
Info) Using plugin pdb for coordinates from file 01build/mol.pdb
Info) Finished with coordinate file 01build/mol.pdb.
0
atomselect0
atomselect1
Info) Opened coordinate file 04md/P1.pdb for writing.
Info) Finished with coordinate file 04md/P1.pdb.
atomselect2
atomselect3
Info) Opened coordinate file 04md/P2.pdb for writing.
Info) Finished with coordinate file 04md/P2.pdb.
atomselect4
atomselect5
1.0104568004608154 5.767606735229492 26.1675968170166
-1.2248096466064453 -5.842913627624512 -26.194835662841797
53.68076875747368
52.68
104.68
Info) VMD for LINUXAMD64, version 1.9.4a57 (April 27, 2022)
Info) Exiting normally.
vmd > 